[12-Mar-2020 11:42:55 Asia/Krasnoyarsk] PHP Fatal error:  Uncaught ArgumentCountError: Too few arguments to function cURL::post(), 1 passed in /var/www/html/Trainning_php/tuan-hai/MVCdemo/views/pages/curl.php on line 9 and exactly 2 expected in /var/www/html/Trainning_php/tuan-hai/MVCdemo/public/curl1.php:46
Stack trace:
#0 /var/www/html/Trainning_php/tuan-hai/MVCdemo/views/pages/curl.php(9): cURL->post('https://ketqua....')
#1 /var/www/html/Trainning_php/tuan-hai/MVCdemo/views/Trangchu.php(130): require_once('/var/www/html/T...')
#2 /var/www/html/Trainning_php/tuan-hai/MVCdemo/config/controller.php(9): require_once('/var/www/html/T...')
#3 /var/www/html/Trainning_php/tuan-hai/MVCdemo/controller/PDOhomeController.php(240): controller->views('Trangchu', Array)
#4 /var/www/html/Trainning_php/tuan-hai/MVCdemo/config/app.php(8): PDOhomecontroller->cURL()
#5 /var/www/html/Trainning_php/tuan-hai/MVCdemo/index.php(10): require_once('/var/www/html/T...')
#6 {main}
  thrown in /var/www/html/Trainning_php/tuan-hai/MVCdemo/public/curl1.php on line 46
[12-Mar-2020 11:43:58 Asia/Krasnoyarsk] PHP Fatal error:  Uncaught ArgumentCountError: Too few arguments to function cURL::post(), 1 passed in /var/www/html/Trainning_php/tuan-hai/MVCdemo/views/pages/curl.php on line 9 and exactly 2 expected in /var/www/html/Trainning_php/tuan-hai/MVCdemo/public/curl1.php:46
Stack trace:
#0 /var/www/html/Trainning_php/tuan-hai/MVCdemo/views/pages/curl.php(9): cURL->post('https://ketqua....')
#1 /var/www/html/Trainning_php/tuan-hai/MVCdemo/views/Trangchu.php(130): require_once('/var/www/html/T...')
#2 /var/www/html/Trainning_php/tuan-hai/MVCdemo/config/controller.php(9): require_once('/var/www/html/T...')
#3 /var/www/html/Trainning_php/tuan-hai/MVCdemo/controller/PDOhomeController.php(240): controller->views('Trangchu', Array)
#4 /var/www/html/Trainning_php/tuan-hai/MVCdemo/config/app.php(8): PDOhomecontroller->cURL()
#5 /var/www/html/Trainning_php/tuan-hai/MVCdemo/index.php(10): require_once('/var/www/html/T...')
#6 {main}
  thrown in /var/www/html/Trainning_php/tuan-hai/MVCdemo/public/curl1.php on line 46
[12-Mar-2020 17:00:07 Asia/Krasnoyarsk] PHP Parse error:  syntax error, unexpected '}' in /var/www/html/Trainning_php/tuan-hai/MVCdemo/views/pages/curl.php on line 28
[12-Mar-2020 17:00:17 Asia/Krasnoyarsk] PHP Warning:  urlencode() expects parameter 1 to be string, array given in /var/www/html/Trainning_php/tuan-hai/MVCdemo/views/pages/curl.php on line 29
[12-Mar-2020 17:00:37 Asia/Krasnoyarsk] PHP Warning:  urlencode() expects parameter 1 to be string, array given in /var/www/html/Trainning_php/tuan-hai/MVCdemo/views/pages/curl.php on line 29
