[20-Mar-2020 09:47:04 Asia/Krasnoyarsk] PHP Warning:  require_once(./model/User.php): failed to open stream: No such file or directory in /var/www/html/Trainning_php/tuan-hai/MVCdemo/config/controller.php on line 5
[20-Mar-2020 09:47:04 Asia/Krasnoyarsk] PHP Fatal error:  require_once(): Failed opening required './model/User.php' (include_path='.:/usr/share/php') in /var/www/html/Trainning_php/tuan-hai/MVCdemo/config/controller.php on line 5
[20-Mar-2020 09:47:29 Asia/Krasnoyarsk] PHP Warning:  PDOStatement::execute(): SQLSTATE[HY093]: Invalid parameter number: parameter was not defined in /var/www/html/Trainning_php/tuan-hai/MVCdemo/config/PDO.php on line 89
[20-Mar-2020 09:48:44 Asia/Krasnoyarsk] PHP Warning:  PDOStatement::execute(): SQLSTATE[HY093]: Invalid parameter number: parameter was not defined in /var/www/html/Trainning_php/tuan-hai/MVCdemo/config/PDO.php on line 89
[20-Mar-2020 09:49:14 Asia/Krasnoyarsk] PHP Warning:  PDOStatement::execute(): SQLSTATE[HY093]: Invalid parameter number: parameter was not defined in /var/www/html/Trainning_php/tuan-hai/MVCdemo/config/PDO.php on line 89
[20-Mar-2020 09:49:31 Asia/Krasnoyarsk] PHP Warning:  PDOStatement::execute(): SQLSTATE[HY093]: Invalid parameter number: parameter was not defined in /var/www/html/Trainning_php/tuan-hai/MVCdemo/config/PDO.php on line 89
[20-Mar-2020 09:49:32 Asia/Krasnoyarsk] PHP Warning:  PDOStatement::execute(): SQLSTATE[HY093]: Invalid parameter number: parameter was not defined in /var/www/html/Trainning_php/tuan-hai/MVCdemo/config/PDO.php on line 89
[20-Mar-2020 09:49:45 Asia/Krasnoyarsk] PHP Warning:  PDOStatement::execute(): SQLSTATE[HY093]: Invalid parameter number: parameter was not defined in /var/www/html/Trainning_php/tuan-hai/MVCdemo/config/PDO.php on line 89
[20-Mar-2020 09:49:48 Asia/Krasnoyarsk] PHP Warning:  PDOStatement::execute(): SQLSTATE[HY093]: Invalid parameter number: parameter was not defined in /var/www/html/Trainning_php/tuan-hai/MVCdemo/config/PDO.php on line 89
[20-Mar-2020 09:49:57 Asia/Krasnoyarsk] PHP Warning:  PDOStatement::execute(): SQLSTATE[HY093]: Invalid parameter number: parameter was not defined in /var/www/html/Trainning_php/tuan-hai/MVCdemo/config/PDO.php on line 89
[20-Mar-2020 09:50:00 Asia/Krasnoyarsk] PHP Warning:  PDOStatement::execute(): SQLSTATE[HY093]: Invalid parameter number: parameter was not defined in /var/www/html/Trainning_php/tuan-hai/MVCdemo/config/PDO.php on line 89
[20-Mar-2020 09:50:03 Asia/Krasnoyarsk] PHP Warning:  PDOStatement::execute(): SQLSTATE[HY093]: Invalid parameter number: parameter was not defined in /var/www/html/Trainning_php/tuan-hai/MVCdemo/config/PDO.php on line 89
[20-Mar-2020 09:50:05 Asia/Krasnoyarsk] PHP Warning:  PDOStatement::execute(): SQLSTATE[HY093]: Invalid parameter number: parameter was not defined in /var/www/html/Trainning_php/tuan-hai/MVCdemo/config/PDO.php on line 89
[20-Mar-2020 09:50:28 Asia/Krasnoyarsk] PHP Warning:  PDOStatement::execute(): SQLSTATE[HY093]: Invalid parameter number: parameter was not defined in /var/www/html/Trainning_php/tuan-hai/MVCdemo/config/PDO.php on line 89
[20-Mar-2020 09:51:09 Asia/Krasnoyarsk] PHP Warning:  PDOStatement::execute(): SQLSTATE[HY093]: Invalid parameter number: parameter was not defined in /var/www/html/Trainning_php/tuan-hai/MVCdemo/config/PDO.php on line 89
[20-Mar-2020 09:51:57 Asia/Krasnoyarsk] PHP Warning:  PDOStatement::execute(): SQLSTATE[HY093]: Invalid parameter number: parameter was not defined in /var/www/html/Trainning_php/tuan-hai/MVCdemo/config/PDO.php on line 89
[20-Mar-2020 09:52:22 Asia/Krasnoyarsk] PHP Warning:  PDOStatement::execute(): SQLSTATE[HY093]: Invalid parameter number: parameter was not defined in /var/www/html/Trainning_php/tuan-hai/MVCdemo/config/PDO.php on line 89
[20-Mar-2020 09:52:35 Asia/Krasnoyarsk] PHP Warning:  PDOStatement::execute(): SQLSTATE[HY093]: Invalid parameter number: parameter was not defined in /var/www/html/Trainning_php/tuan-hai/MVCdemo/config/PDO.php on line 89
[20-Mar-2020 09:54:00 Asia/Krasnoyarsk] PHP Warning:  PDOStatement::execute(): SQLSTATE[HY093]: Invalid parameter number: parameter was not defined in /var/www/html/Trainning_php/tuan-hai/MVCdemo/config/PDO.php on line 89
[20-Mar-2020 09:55:14 Asia/Krasnoyarsk] PHP Warning:  PDOStatement::execute(): SQLSTATE[HY093]: Invalid parameter number: parameter was not defined in /var/www/html/Trainning_php/tuan-hai/MVCdemo/config/PDO.php on line 89
[20-Mar-2020 09:57:53 Asia/Krasnoyarsk] PHP Warning:  PDOStatement::execute(): SQLSTATE[HY093]: Invalid parameter number: parameter was not defined in /var/www/html/Trainning_php/tuan-hai/MVCdemo/config/PDO.php on line 89
[20-Mar-2020 09:58:01 Asia/Krasnoyarsk] PHP Warning:  PDOStatement::execute(): SQLSTATE[HY093]: Invalid parameter number: parameter was not defined in /var/www/html/Trainning_php/tuan-hai/MVCdemo/config/PDO.php on line 89
[20-Mar-2020 09:58:20 Asia/Krasnoyarsk] PHP Warning:  PDOStatement::execute(): SQLSTATE[HY093]: Invalid parameter number: parameter was not defined in /var/www/html/Trainning_php/tuan-hai/MVCdemo/config/PDO.php on line 89
[20-Mar-2020 09:58:40 Asia/Krasnoyarsk] PHP Notice:  Undefined variable: datalist in /var/www/html/Trainning_php/tuan-hai/MVCdemo/model/PDOuser.php on line 40
[20-Mar-2020 09:58:40 Asia/Krasnoyarsk] PHP Warning:  PDOStatement::execute(): SQLSTATE[HY093]: Invalid parameter number: parameter was not defined in /var/www/html/Trainning_php/tuan-hai/MVCdemo/config/PDO.php on line 89
[20-Mar-2020 09:59:03 Asia/Krasnoyarsk] PHP Warning:  PDOStatement::execute(): SQLSTATE[HY093]: Invalid parameter number: parameter was not defined in /var/www/html/Trainning_php/tuan-hai/MVCdemo/config/PDO.php on line 89
[20-Mar-2020 09:59:29 Asia/Krasnoyarsk] PHP Notice:  Array to string conversion in /var/www/html/Trainning_php/tuan-hai/MVCdemo/model/PDOuser.php on line 37
[20-Mar-2020 09:59:29 Asia/Krasnoyarsk] PHP Warning:  PDOStatement::execute(): SQLSTATE[HY093]: Invalid parameter number: parameter was not defined in /var/www/html/Trainning_php/tuan-hai/MVCdemo/config/PDO.php on line 89
[20-Mar-2020 09:59:43 Asia/Krasnoyarsk] PHP Warning:  PDOStatement::execute(): SQLSTATE[HY093]: Invalid parameter number: parameter was not defined in /var/www/html/Trainning_php/tuan-hai/MVCdemo/config/PDO.php on line 89
[20-Mar-2020 10:00:45 Asia/Krasnoyarsk] PHP Warning:  PDOStatement::execute(): SQLSTATE[HY093]: Invalid parameter number: parameter was not defined in /var/www/html/Trainning_php/tuan-hai/MVCdemo/config/PDO.php on line 89
[20-Mar-2020 10:01:34 Asia/Krasnoyarsk] PHP Warning:  PDOStatement::execute(): SQLSTATE[HY093]: Invalid parameter number: parameter was not defined in /var/www/html/Trainning_php/tuan-hai/MVCdemo/config/PDO.php on line 89
[20-Mar-2020 10:02:36 Asia/Krasnoyarsk] PHP Warning:  PDOStatement::execute(): SQLSTATE[HY093]: Invalid parameter number: parameter was not defined in /var/www/html/Trainning_php/tuan-hai/MVCdemo/config/PDO.php on line 89
[20-Mar-2020 10:03:14 Asia/Krasnoyarsk] PHP Warning:  PDOStatement::execute(): SQLSTATE[HY093]: Invalid parameter number: parameter was not defined in /var/www/html/Trainning_php/tuan-hai/MVCdemo/config/PDO.php on line 89
[20-Mar-2020 10:04:39 Asia/Krasnoyarsk] PHP Warning:  PDOStatement::execute(): SQLSTATE[HY093]: Invalid parameter number: parameter was not defined in /var/www/html/Trainning_php/tuan-hai/MVCdemo/config/PDO.php on line 89
[20-Mar-2020 10:05:06 Asia/Krasnoyarsk] PHP Warning:  PDOStatement::execute(): SQLSTATE[HY093]: Invalid parameter number: parameter was not defined in /var/www/html/Trainning_php/tuan-hai/MVCdemo/config/PDO.php on line 89
[20-Mar-2020 10:06:33 Asia/Krasnoyarsk] PHP Warning:  PDOStatement::execute(): SQLSTATE[HY093]: Invalid parameter number: parameter was not defined in /var/www/html/Trainning_php/tuan-hai/MVCdemo/config/PDO.php on line 89
[20-Mar-2020 10:09:42 Asia/Krasnoyarsk] PHP Warning:  PDOStatement::execute(): SQLSTATE[HY093]: Invalid parameter number: parameter was not defined in /var/www/html/Trainning_php/tuan-hai/MVCdemo/config/PDO.php on line 89
[20-Mar-2020 10:10:17 Asia/Krasnoyarsk] PHP Warning:  PDOStatement::execute(): SQLSTATE[HY093]: Invalid parameter number: parameter was not defined in /var/www/html/Trainning_php/tuan-hai/MVCdemo/config/PDO.php on line 89
[20-Mar-2020 10:10:40 Asia/Krasnoyarsk] PHP Warning:  PDOStatement::execute(): SQLSTATE[HY093]: Invalid parameter number: parameter was not defined in /var/www/html/Trainning_php/tuan-hai/MVCdemo/config/PDO.php on line 89
[20-Mar-2020 10:25:58 Asia/Krasnoyarsk] PHP Warning:  PDOStatement::execute(): SQLSTATE[HY093]: Invalid parameter number: parameter was not defined in /var/www/html/Trainning_php/tuan-hai/MVCdemo/config/PDO.php on line 89
[20-Mar-2020 10:26:01 Asia/Krasnoyarsk] PHP Warning:  PDOStatement::execute(): SQLSTATE[HY093]: Invalid parameter number: parameter was not defined in /var/www/html/Trainning_php/tuan-hai/MVCdemo/config/PDO.php on line 89
[20-Mar-2020 10:30:06 Asia/Krasnoyarsk] PHP Warning:  PDOStatement::execute(): SQLSTATE[HY093]: Invalid parameter number: parameter was not defined in /var/www/html/Trainning_php/tuan-hai/MVCdemo/config/PDO.php on line 89
[20-Mar-2020 10:31:40 Asia/Krasnoyarsk] PHP Notice:  Array to string conversion in /var/www/html/Trainning_php/tuan-hai/MVCdemo/model/PDOuser.php on line 37
[20-Mar-2020 10:31:40 Asia/Krasnoyarsk] PHP Notice:  Undefined variable: Array in /var/www/html/Trainning_php/tuan-hai/MVCdemo/model/PDOuser.php on line 37
[20-Mar-2020 10:31:40 Asia/Krasnoyarsk] PHP Warning:  Invalid argument supplied for foreach() in /var/www/html/Trainning_php/tuan-hai/MVCdemo/model/PDOuser.php on line 37
[20-Mar-2020 10:31:40 Asia/Krasnoyarsk] PHP Warning:  PDOStatement::execute(): SQLSTATE[HY093]: Invalid parameter number: parameter was not defined in /var/www/html/Trainning_php/tuan-hai/MVCdemo/config/PDO.php on line 89
[20-Mar-2020 10:31:55 Asia/Krasnoyarsk] PHP Notice:  Array to string conversion in /var/www/html/Trainning_php/tuan-hai/MVCdemo/model/PDOuser.php on line 37
[20-Mar-2020 10:31:55 Asia/Krasnoyarsk] PHP Notice:  Undefined variable: Array in /var/www/html/Trainning_php/tuan-hai/MVCdemo/model/PDOuser.php on line 37
[20-Mar-2020 10:31:55 Asia/Krasnoyarsk] PHP Warning:  Invalid argument supplied for foreach() in /var/www/html/Trainning_php/tuan-hai/MVCdemo/model/PDOuser.php on line 37
[20-Mar-2020 10:31:55 Asia/Krasnoyarsk] PHP Warning:  PDOStatement::execute(): SQLSTATE[HY093]: Invalid parameter number: parameter was not defined in /var/www/html/Trainning_php/tuan-hai/MVCdemo/config/PDO.php on line 89
[20-Mar-2020 10:32:02 Asia/Krasnoyarsk] PHP Notice:  Trying to get property 'username' of non-object in /var/www/html/Trainning_php/tuan-hai/MVCdemo/model/PDOuser.php on line 38
[20-Mar-2020 10:32:02 Asia/Krasnoyarsk] PHP Notice:  Trying to get property 'username' of non-object in /var/www/html/Trainning_php/tuan-hai/MVCdemo/model/PDOuser.php on line 38
[20-Mar-2020 10:32:02 Asia/Krasnoyarsk] PHP Notice:  Trying to get property 'username' of non-object in /var/www/html/Trainning_php/tuan-hai/MVCdemo/model/PDOuser.php on line 38
[20-Mar-2020 10:32:02 Asia/Krasnoyarsk] PHP Notice:  Trying to get property 'username' of non-object in /var/www/html/Trainning_php/tuan-hai/MVCdemo/model/PDOuser.php on line 38
[20-Mar-2020 10:32:02 Asia/Krasnoyarsk] PHP Warning:  PDOStatement::execute(): SQLSTATE[HY093]: Invalid parameter number: parameter was not defined in /var/www/html/Trainning_php/tuan-hai/MVCdemo/config/PDO.php on line 89
[20-Mar-2020 10:32:14 Asia/Krasnoyarsk] PHP Warning:  Illegal string offset 'username' in /var/www/html/Trainning_php/tuan-hai/MVCdemo/model/PDOuser.php on line 38
[20-Mar-2020 10:32:14 Asia/Krasnoyarsk] PHP Warning:  Illegal string offset 'username' in /var/www/html/Trainning_php/tuan-hai/MVCdemo/model/PDOuser.php on line 38
[20-Mar-2020 10:32:14 Asia/Krasnoyarsk] PHP Warning:  Illegal string offset 'username' in /var/www/html/Trainning_php/tuan-hai/MVCdemo/model/PDOuser.php on line 38
[20-Mar-2020 10:32:14 Asia/Krasnoyarsk] PHP Warning:  Illegal string offset 'username' in /var/www/html/Trainning_php/tuan-hai/MVCdemo/model/PDOuser.php on line 38
[20-Mar-2020 10:32:14 Asia/Krasnoyarsk] PHP Warning:  PDOStatement::execute(): SQLSTATE[HY093]: Invalid parameter number: parameter was not defined in /var/www/html/Trainning_php/tuan-hai/MVCdemo/config/PDO.php on line 89
[20-Mar-2020 10:32:29 Asia/Krasnoyarsk] PHP Warning:  PDOStatement::execute(): SQLSTATE[HY093]: Invalid parameter number: parameter was not defined in /var/www/html/Trainning_php/tuan-hai/MVCdemo/config/PDO.php on line 89
[20-Mar-2020 10:32:49 Asia/Krasnoyarsk] PHP Warning:  Illegal string offset 'username' in /var/www/html/Trainning_php/tuan-hai/MVCdemo/model/PDOuser.php on line 38
[20-Mar-2020 10:32:49 Asia/Krasnoyarsk] PHP Warning:  Illegal string offset 'username' in /var/www/html/Trainning_php/tuan-hai/MVCdemo/model/PDOuser.php on line 38
[20-Mar-2020 10:32:49 Asia/Krasnoyarsk] PHP Warning:  Illegal string offset 'username' in /var/www/html/Trainning_php/tuan-hai/MVCdemo/model/PDOuser.php on line 38
[20-Mar-2020 10:32:49 Asia/Krasnoyarsk] PHP Warning:  Illegal string offset 'username' in /var/www/html/Trainning_php/tuan-hai/MVCdemo/model/PDOuser.php on line 38
[20-Mar-2020 10:32:49 Asia/Krasnoyarsk] PHP Warning:  PDOStatement::execute(): SQLSTATE[HY093]: Invalid parameter number: parameter was not defined in /var/www/html/Trainning_php/tuan-hai/MVCdemo/config/PDO.php on line 89
[20-Mar-2020 10:33:03 Asia/Krasnoyarsk] PHP Notice:  Trying to get property 'username' of non-object in /var/www/html/Trainning_php/tuan-hai/MVCdemo/model/PDOuser.php on line 38
[20-Mar-2020 10:33:03 Asia/Krasnoyarsk] PHP Notice:  Trying to get property 'username' of non-object in /var/www/html/Trainning_php/tuan-hai/MVCdemo/model/PDOuser.php on line 38
[20-Mar-2020 10:33:03 Asia/Krasnoyarsk] PHP Notice:  Trying to get property 'username' of non-object in /var/www/html/Trainning_php/tuan-hai/MVCdemo/model/PDOuser.php on line 38
[20-Mar-2020 10:33:03 Asia/Krasnoyarsk] PHP Notice:  Trying to get property 'username' of non-object in /var/www/html/Trainning_php/tuan-hai/MVCdemo/model/PDOuser.php on line 38
[20-Mar-2020 10:33:03 Asia/Krasnoyarsk] PHP Warning:  PDOStatement::execute(): SQLSTATE[HY093]: Invalid parameter number: parameter was not defined in /var/www/html/Trainning_php/tuan-hai/MVCdemo/config/PDO.php on line 89
[20-Mar-2020 10:34:12 Asia/Krasnoyarsk] PHP Warning:  PDOStatement::execute(): SQLSTATE[HY093]: Invalid parameter number: parameter was not defined in /var/www/html/Trainning_php/tuan-hai/MVCdemo/config/PDO.php on line 89
[20-Mar-2020 10:34:21 Asia/Krasnoyarsk] PHP Warning:  PDOStatement::execute(): SQLSTATE[HY093]: Invalid parameter number: parameter was not defined in /var/www/html/Trainning_php/tuan-hai/MVCdemo/config/PDO.php on line 89
[20-Mar-2020 10:34:56 Asia/Krasnoyarsk] PHP Warning:  PDOStatement::execute(): SQLSTATE[HY093]: Invalid parameter number: no parameters were bound in /var/www/html/Trainning_php/tuan-hai/MVCdemo/config/PDO.php on line 89
[20-Mar-2020 10:35:01 Asia/Krasnoyarsk] PHP Warning:  PDOStatement::execute(): SQLSTATE[HY093]: Invalid parameter number: no parameters were bound in /var/www/html/Trainning_php/tuan-hai/MVCdemo/config/PDO.php on line 89
[20-Mar-2020 10:35:13 Asia/Krasnoyarsk] PHP Warning:  PDOStatement::execute(): SQLSTATE[HY093]: Invalid parameter number: no parameters were bound in /var/www/html/Trainning_php/tuan-hai/MVCdemo/config/PDO.php on line 89
[20-Mar-2020 10:35:30 Asia/Krasnoyarsk] PHP Warning:  PDOStatement::execute(): SQLSTATE[HY093]: Invalid parameter number: no parameters were bound in /var/www/html/Trainning_php/tuan-hai/MVCdemo/config/PDO.php on line 89
[20-Mar-2020 10:36:06 Asia/Krasnoyarsk] PHP Parse error:  syntax error, unexpected '}' in /var/www/html/Trainning_php/tuan-hai/MVCdemo/controller/PDOhomeController.php on line 267
[20-Mar-2020 10:36:13 Asia/Krasnoyarsk] PHP Warning:  PDOStatement::execute(): SQLSTATE[HY093]: Invalid parameter number: no parameters were bound in /var/www/html/Trainning_php/tuan-hai/MVCdemo/config/PDO.php on line 89
[20-Mar-2020 10:37:10 Asia/Krasnoyarsk] PHP Warning:  PDOStatement::execute(): SQLSTATE[HY093]: Invalid parameter number: no parameters were bound in /var/www/html/Trainning_php/tuan-hai/MVCdemo/config/PDO.php on line 89
[20-Mar-2020 10:38:37 Asia/Krasnoyarsk] PHP Warning:  PDOStatement::execute(): SQLSTATE[HY093]: Invalid parameter number: no parameters were bound in /var/www/html/Trainning_php/tuan-hai/MVCdemo/config/PDO.php on line 89
[20-Mar-2020 10:39:58 Asia/Krasnoyarsk] PHP Warning:  PDOStatement::execute() expects parameter 1 to be array, string given in /var/www/html/Trainning_php/tuan-hai/MVCdemo/config/PDO.php on line 89
[20-Mar-2020 11:23:40 Asia/Krasnoyarsk] PHP Warning:  require_once(./model/User.php): failed to open stream: No such file or directory in /var/www/html/Trainning_php/tuan-hai/MVCdemo/config/controller.php on line 5
[20-Mar-2020 11:23:40 Asia/Krasnoyarsk] PHP Fatal error:  require_once(): Failed opening required './model/User.php' (include_path='.:/usr/share/php') in /var/www/html/Trainning_php/tuan-hai/MVCdemo/config/controller.php on line 5
[20-Mar-2020 11:24:12 Asia/Krasnoyarsk] PHP Warning:  require_once(./model/User.php): failed to open stream: No such file or directory in /var/www/html/Trainning_php/tuan-hai/MVCdemo/config/controller.php on line 5
[20-Mar-2020 11:24:12 Asia/Krasnoyarsk] PHP Fatal error:  require_once(): Failed opening required './model/User.php' (include_path='.:/usr/share/php') in /var/www/html/Trainning_php/tuan-hai/MVCdemo/config/controller.php on line 5
